2019-03-02 22:02:32,520-BrowserEngine-INFO-你选择Chrome浏览器
2019-03-02 22:02:32,521-BrowserEngine-INFO-测试的服务链接是http://127.0.0.1/forum.php
2019-03-02 22:02:35,235-BrowserEngine-INFO-开始Chrome浏览器
2019-03-02 22:02:35,782-BrowserEngine-INFO-打开链接http://127.0.0.1/forum.php
2019-03-02 22:02:36,938-BrowserEngine-INFO-当前窗口最大化
2019-03-02 22:02:36,941-BrowserEngine-INFO-设置隐式等待时间10秒
2019-03-02 22:02:37,013-BasePage-INFO-<pageobjects.discuz_mainpage.MainPage object at 0x00000184F87E11D0>找到页面元素('css selector', '#ls_username')
2019-03-02 22:02:37,013-BasePage-INFO-<pageobjects.discuz_mainpage.MainPage object at 0x00000184F87E11D0>找到页面元素('css selector', '#ls_username')
2019-03-02 22:02:37,198-BasePage-INFO-输入内容sasa
2019-03-02 22:02:37,198-BasePage-INFO-输入内容sasa
2019-03-02 22:02:37,231-BasePage-INFO-<pageobjects.discuz_mainpage.MainPage object at 0x00000184F87E11D0>找到页面元素('css selector', '#ls_password')
2019-03-02 22:02:37,231-BasePage-INFO-<pageobjects.discuz_mainpage.MainPage object at 0x00000184F87E11D0>找到页面元素('css selector', '#ls_password')
2019-03-02 22:02:37,304-BasePage-INFO-输入内容1393269559
2019-03-02 22:02:37,304-BasePage-INFO-输入内容1393269559
2019-03-02 22:02:37,338-BasePage-INFO-<pageobjects.discuz_mainpage.MainPage object at 0x00000184F87E11D0>找到页面元素('css selector', '.fastlg_l>button')
2019-03-02 22:02:37,338-BasePage-INFO-<pageobjects.discuz_mainpage.MainPage object at 0x00000184F87E11D0>找到页面元素('css selector', '.fastlg_l>button')
2019-03-02 22:02:37,395-BasePage-INFO-<selenium.webdriver.remote.webelement.WebElement (session="8e1f55c5141b7690af7ced1ff00cad4b", element="0.8882310097748285-3")>元素被点击
2019-03-02 22:02:37,395-BasePage-INFO-<selenium.webdriver.remote.webelement.WebElement (session="8e1f55c5141b7690af7ced1ff00cad4b", element="0.8882310097748285-3")>元素被点击
2019-03-02 22:02:37,396-BasePage-INFO-登录成功
2019-03-02 22:02:37,396-BasePage-INFO-登录成功
2019-03-02 22:02:37,905-BasePage-INFO-<pageobjects.discuz_mainpage.MainPage object at 0x00000184F87E11D0>找到页面元素('css selector', '.vwmy>a')
2019-03-02 22:02:37,905-BasePage-INFO-<pageobjects.discuz_mainpage.MainPage object at 0x00000184F87E11D0>找到页面元素('css selector', '.vwmy>a')
2019-03-02 22:02:37,967-BasePage-INFO-<pageobjects.discuz_mainpage.MainPage object at 0x00000184F87E11D0>找到页面元素('css selector', '.fl_icn>a')
2019-03-02 22:02:37,967-BasePage-INFO-<pageobjects.discuz_mainpage.MainPage object at 0x00000184F87E11D0>找到页面元素('css selector', '.fl_icn>a')
2019-03-02 22:02:38,346-BasePage-INFO-<selenium.webdriver.remote.webelement.WebElement (session="8e1f55c5141b7690af7ced1ff00cad4b", element="0.03918167401513184-2")>元素被点击
2019-03-02 22:02:38,346-BasePage-INFO-<selenium.webdriver.remote.webelement.WebElement (session="8e1f55c5141b7690af7ced1ff00cad4b", element="0.03918167401513184-2")>元素被点击
2019-03-02 22:02:38,347-BasePage-INFO-成功点击默认版块
2019-03-02 22:02:38,347-BasePage-INFO-成功点击默认版块
2019-03-02 22:02:38,425-BasePage-INFO-<pageobjects.discuz_mainpage.MainPage object at 0x00000184F87E11D0>找到页面元素('css selector', '#subject')
2019-03-02 22:02:38,425-BasePage-INFO-<pageobjects.discuz_mainpage.MainPage object at 0x00000184F87E11D0>找到页面元素('css selector', '#subject')
2019-03-02 22:02:38,562-BasePage-INFO-输入内容Hello
2019-03-02 22:02:38,562-BasePage-INFO-输入内容Hello
2019-03-02 22:02:38,600-BasePage-INFO-<pageobjects.discuz_mainpage.MainPage object at 0x00000184F87E11D0>找到页面元素('css selector', '.pt')
2019-03-02 22:02:38,600-BasePage-INFO-<pageobjects.discuz_mainpage.MainPage object at 0x00000184F87E11D0>找到页面元素('css selector', '.pt')
2019-03-02 22:02:38,757-BasePage-INFO-输入内容Hello,unittest!
2019-03-02 22:02:38,757-BasePage-INFO-输入内容Hello,unittest!
2019-03-02 22:02:38,835-BasePage-INFO-<pageobjects.discuz_mainpage.MainPage object at 0x00000184F87E11D0>找到页面元素('css selector', '.pnpost .pnc')
2019-03-02 22:02:38,835-BasePage-INFO-<pageobjects.discuz_mainpage.MainPage object at 0x00000184F87E11D0>找到页面元素('css selector', '.pnpost .pnc')
2019-03-02 22:02:40,952-BasePage-INFO-<selenium.webdriver.remote.webelement.WebElement (session="8e1f55c5141b7690af7ced1ff00cad4b", element="0.9326880517152303-3")>元素被点击
2019-03-02 22:02:40,952-BasePage-INFO-<selenium.webdriver.remote.webelement.WebElement (session="8e1f55c5141b7690af7ced1ff00cad4b", element="0.9326880517152303-3")>元素被点击
2019-03-02 22:02:40,953-BasePage-INFO-发帖成功
2019-03-02 22:02:40,953-BasePage-INFO-发帖成功
2019-03-02 22:02:41,035-BasePage-INFO-<pageobjects.discuz_mainpage.MainPage object at 0x00000184F87E11D0>找到页面元素('css selector', '.ts span')
2019-03-02 22:02:41,035-BasePage-INFO-<pageobjects.discuz_mainpage.MainPage object at 0x00000184F87E11D0>找到页面元素('css selector', '.ts span')
2019-03-02 22:02:41,110-BasePage-INFO-<pageobjects.discuz_mainpage.MainPage object at 0x00000184F87E11D0>找到页面元素('css selector', '.ts span')
2019-03-02 22:02:41,110-BasePage-INFO-<pageobjects.discuz_mainpage.MainPage object at 0x00000184F87E11D0>找到页面元素('css selector', '.ts span')
2019-03-02 22:02:41,137-BasePage-INFO-成功获取得到的内容
2019-03-02 22:02:41,137-BasePage-INFO-成功获取得到的内容
2019-03-02 22:02:41,195-BasePage-INFO-<pageobjects.discuz_mainpage.MainPage object at 0x00000184F87E11D0>找到页面元素('css selector', '.area .pt')
2019-03-02 22:02:41,195-BasePage-INFO-<pageobjects.discuz_mainpage.MainPage object at 0x00000184F87E11D0>找到页面元素('css selector', '.area .pt')
2019-03-02 22:02:41,379-BasePage-INFO-输入内容asdfgfdgfgf
2019-03-02 22:02:41,379-BasePage-INFO-输入内容asdfgfdgfgf
2019-03-02 22:02:41,414-BasePage-INFO-<pageobjects.discuz_mainpage.MainPage object at 0x00000184F87E11D0>找到页面元素('css selector', '.ptm button')
2019-03-02 22:02:41,414-BasePage-INFO-<pageobjects.discuz_mainpage.MainPage object at 0x00000184F87E11D0>找到页面元素('css selector', '.ptm button')
2019-03-02 22:02:41,713-BasePage-INFO-<selenium.webdriver.remote.webelement.WebElement (session="8e1f55c5141b7690af7ced1ff00cad4b", element="0.99668939624231-3")>元素被点击
2019-03-02 22:02:41,713-BasePage-INFO-<selenium.webdriver.remote.webelement.WebElement (session="8e1f55c5141b7690af7ced1ff00cad4b", element="0.99668939624231-3")>元素被点击
2019-03-02 22:02:41,714-BasePage-INFO-回帖成功
2019-03-02 22:02:41,714-BasePage-INFO-回帖成功
2019-03-02 22:02:52,274-BasePage-ERROR-<pageobjects.discuz_mainpage.MainPage object at 0x00000184F87E11D0>页面中没有找到('css selector', 'div:nth-last-child(1) .plhin .t_f')元素
2019-03-02 22:02:52,274-BasePage-ERROR-<pageobjects.discuz_mainpage.MainPage object at 0x00000184F87E11D0>页面中没有找到('css selector', 'div:nth-last-child(1) .plhin .t_f')元素
2019-03-02 22:02:52,638-BasePage-INFO-有截屏并且保存的路径是/screenshots/
2019-03-02 22:02:52,638-BasePage-INFO-有截屏并且保存的路径是/screenshots/
2019-03-02 22:02:52,638-BasePage-ERROR-回帖失败'NoneType' object has no attribute 'text'
2019-03-02 22:02:52,638-BasePage-ERROR-回帖失败'NoneType' object has no attribute 'text'
2019-03-02 22:02:52,989-BasePage-INFO-有截屏并且保存的路径是/screenshots/
2019-03-02 22:02:52,989-BasePage-INFO-有截屏并且保存的路径是/screenshots/
2019-03-02 22:02:53,111-BasePage-INFO-<pageobjects.discuz_mainpage.MainPage object at 0x00000184F87E11D0>找到页面元素('link text', '退出')
2019-03-02 22:02:53,111-BasePage-INFO-<pageobjects.discuz_mainpage.MainPage object at 0x00000184F87E11D0>找到页面元素('link text', '退出')
2019-03-02 22:03:04,505-BasePage-INFO-<selenium.webdriver.remote.webelement.WebElement (session="8e1f55c5141b7690af7ced1ff00cad4b", element="0.99668939624231-4")>元素被点击
2019-03-02 22:03:04,505-BasePage-INFO-<selenium.webdriver.remote.webelement.WebElement (session="8e1f55c5141b7690af7ced1ff00cad4b", element="0.99668939624231-4")>元素被点击
2019-03-02 22:03:04,506-BasePage-INFO-退出登录成功
2019-03-02 22:03:04,506-BasePage-INFO-退出登录成功
2019-03-02 22:03:04,578-BasePage-INFO-<pageobjects.discuz_mainpage.MainPage object at 0x00000184F87E11D0>找到页面元素('css selector', '#ls_fastloginfield_ctrl')
2019-03-02 22:03:04,578-BasePage-INFO-<pageobjects.discuz_mainpage.MainPage object at 0x00000184F87E11D0>找到页面元素('css selector', '#ls_fastloginfield_ctrl')
2019-03-02 22:03:04,628-BrowserEngine-INFO-现在关闭退出浏览器
